[2m2023-09-15T07:26:58.942905Z[0m [32m INFO[0m [2mhandlr[0m[2m:[0m Tracing initialized
[2m2023-09-15T07:27:01.213903Z[0m [32m INFO[0m [2mhandlr[0m[2m:[0m Title: ":open a"
[2m2023-09-15T07:27:01.213935Z[0m [32m INFO[0m [2mhandlr[0m[2m:[0m Description: "a"
[2m2023-09-15T07:27:01.245265Z[0m [31mERROR[0m [2mhandlr[0m[2m:[0m ""
[2m2023-09-15T07:27:01.245275Z[0m [31mERROR[0m [2mhandlr[0m[2m:[0m ""
[2m2023-09-15T07:27:25.084702Z[0m [32m INFO[0m [2mhandlr[0m[2m:[0m Tracing initialized
[2m2023-09-15T07:27:33.970262Z[0m [32m INFO[0m [2mhandlr[0m[2m:[0m Tracing initialized
[2m2023-09-15T07:27:39.863608Z[0m [32m INFO[0m [2mhandlr[0m[2m:[0m Tracing initialized
[2m2023-09-15T07:27:43.861564Z[0m [32m INFO[0m [2mhandlr[0m[2m:[0m Title: ":o google.com"
[2m2023-09-15T07:27:43.861573Z[0m [32m INFO[0m [2mhandlr[0m[2m:[0m Description: "google.com"
[2m2023-09-15T07:27:43.890188Z[0m [31mERROR[0m [2mhandlr[0m[2m:[0m ""
[2m2023-09-15T07:27:43.890198Z[0m [31mERROR[0m [2mhandlr[0m[2m:[0m ""
[2m2023-09-15T07:30:28.167926Z[0m [32m INFO[0m [2mhandlr[0m[2m:[0m Tracing initialized
[2m2023-09-15T07:30:33.816612Z[0m [32m INFO[0m [2mhandlr[0m[2m:[0m Tracing initialized
[2m2023-09-15T07:30:37.277810Z[0m [32m INFO[0m [2mhandlr[0m[2m:[0m Title: ":o sus"
[2m2023-09-15T07:30:37.277840Z[0m [32m INFO[0m [2mhandlr[0m[2m:[0m Description: "sus"
[2m2023-09-15T07:30:37.277850Z[0m [32m INFO[0m [2mhandlr[0m[2m:[0m Running Command: "handlr" "open" "sus"
[2m2023-09-15T07:30:48.546494Z[0m [32m INFO[0m [2mhandlr[0m[2m:[0m Tracing initialized
[2m2023-09-15T07:30:51.841329Z[0m [32m INFO[0m [2mhandlr[0m[2m:[0m Title: ":o ~/.config"
[2m2023-09-15T07:30:51.841364Z[0m [32m INFO[0m [2mhandlr[0m[2m:[0m Description: "~/.config"
[2m2023-09-15T07:30:51.841367Z[0m [32m INFO[0m [2mhandlr[0m[2m:[0m Running Command: "handlr" "open" "~/.config"
[2m2023-09-15T07:30:51.856065Z[0m [31mERROR[0m [2mhandlr[0m[2m:[0m ""
[2m2023-09-15T07:30:51.856074Z[0m [31mERROR[0m [2mhandlr[0m[2m:[0m ""
[2m2023-09-15T07:31:07.918763Z[0m [32m INFO[0m [2mhandlr[0m[2m:[0m Tracing initialized
[2m2023-09-15T07:31:11.270351Z[0m [32m INFO[0m [2mhandlr[0m[2m:[0m Title: ":o config"
[2m2023-09-15T07:31:11.270360Z[0m [32m INFO[0m [2mhandlr[0m[2m:[0m Description: "config"
[2m2023-09-15T07:31:11.270363Z[0m [32m INFO[0m [2mhandlr[0m[2m:[0m Running Command: "handlr" "open" "config"
[2m2023-09-15T07:31:11.288281Z[0m [31mERROR[0m [2mhandlr[0m[2m:[0m ""
[2m2023-09-15T07:31:11.288289Z[0m [31mERROR[0m [2mhandlr[0m[2m:[0m ""
[2m2023-09-15T07:31:12.549357Z[0m [32m INFO[0m [2mhandlr[0m[2m:[0m Tracing initialized
[2m2023-09-15T07:31:21.110775Z[0m [32m INFO[0m [2mhandlr[0m[2m:[0m Tracing initialized
[2m2023-09-15T07:31:25.562570Z[0m [32m INFO[0m [2mhandlr[0m[2m:[0m Tracing initialized
[2m2023-09-15T07:31:33.582379Z[0m [32m INFO[0m [2mhandlr[0m[2m:[0m Title: ":o .config"
[2m2023-09-15T07:31:33.582389Z[0m [32m INFO[0m [2mhandlr[0m[2m:[0m Description: ".config"
[2m2023-09-15T07:31:33.582392Z[0m [32m INFO[0m [2mhandlr[0m[2m:[0m Running Command: "handlr" "open" ".config"
[2m2023-09-15T07:31:36.997029Z[0m [32m INFO[0m [2mhandlr[0m[2m:[0m Tracing initialized
[2m2023-09-15T07:31:53.581923Z[0m [32m INFO[0m [2mhandlr[0m[2m:[0m Title: ":o ~/.config"
[2m2023-09-15T07:31:53.581954Z[0m [32m INFO[0m [2mhandlr[0m[2m:[0m Description: "~/.config"
[2m2023-09-15T07:31:53.581964Z[0m [32m INFO[0m [2mhandlr[0m[2m:[0m Running Command: "handlr" "open" "~/.config"
[2m2023-09-15T07:31:53.625101Z[0m [31mERROR[0m [2mhandlr[0m[2m:[0m ""
[2m2023-09-15T07:31:53.625115Z[0m [31mERROR[0m [2mhandlr[0m[2m:[0m ""
[2m2023-09-15T07:37:28.163541Z[0m [32m INFO[0m [2mhandlr[0m[2m:[0m Tracing initialized
[2m2023-09-15T07:37:33.352755Z[0m [32m INFO[0m [2mhandlr[0m[2m:[0m Tracing initialized
[2m2023-09-15T07:37:37.845943Z[0m [32m INFO[0m [2mhandlr[0m[2m:[0m Title: ":o ~/.config"
[2m2023-09-15T07:37:37.845974Z[0m [32m INFO[0m [2mhandlr[0m[2m:[0m Description: /home/fs0c131y/.config
[2m2023-09-15T07:37:37.845984Z[0m [32m INFO[0m [2mhandlr[0m[2m:[0m Running Command: "handlr" "open" "~/.config"
[2m2023-09-15T07:37:37.875523Z[0m [31mERROR[0m [2mhandlr[0m[2m:[0m ""
[2m2023-09-15T07:37:37.875533Z[0m [31mERROR[0m [2mhandlr[0m[2m:[0m ""
[2m2023-09-15T07:38:23.248517Z[0m [32m INFO[0m [2mhandlr[0m[2m:[0m Tracing initialized
[2m2023-09-15T07:38:29.458865Z[0m [32m INFO[0m [2mhandlr[0m[2m:[0m Title: ":o ~/.config"
[2m2023-09-15T07:38:29.458874Z[0m [32m INFO[0m [2mhandlr[0m[2m:[0m Argument: /home/fs0c131y/.config
[2m2023-09-15T07:38:29.458876Z[0m [32m INFO[0m [2mhandlr[0m[2m:[0m Running Command: "handlr" "open" "/home/fs0c131y/.config"
[2m2023-09-15T07:39:39.675868Z[0m [32m INFO[0m [2mhandlr[0m[2m:[0m Tracing initialized
[2m2023-09-15T07:40:45.843354Z[0m [32m INFO[0m [2mhandlr[0m[2m:[0m Tracing initialized
[2m2023-09-15T07:41:05.357976Z[0m [32m INFO[0m [2mhandlr[0m[2m:[0m Title: ":open "
[2m2023-09-15T07:41:05.358008Z[0m [32m INFO[0m [2mhandlr[0m[2m:[0m Argument: pen
[2m2023-09-15T07:41:05.358017Z[0m [32m INFO[0m [2mhandlr[0m[2m:[0m Running Command: "handlr" "open" "pen"
[2m2023-09-15T07:41:05.395793Z[0m [31mERROR[0m [2mhandlr[0m[2m:[0m ""
[2m2023-09-15T07:41:05.395801Z[0m [31mERROR[0m [2mhandlr[0m[2m:[0m ""
[2m2023-09-15T07:41:09.158045Z[0m [32m INFO[0m [2mhandlr[0m[2m:[0m Tracing initialized
[2m2023-09-15T07:56:08.286029Z[0m [32m INFO[0m [2mhandlr[0m[2m:[0m Tracing initialized
[2m2023-09-15T07:56:48.113313Z[0m [32m INFO[0m [2mhandlr[0m[2m:[0m Tracing initialized
